0 info it worked if it ends with ok
1 verbose cli [ 'C:\\Program Files\\nodejs\\node.exe',
1 verbose cli   'C:\\Program Files\\nodejs\\node_modules\\npm\\bin\\npm-cli.js',
1 verbose cli   'install' ]
2 info using npm@2.15.8
3 info using node@v4.4.7
4 verbose readDependencies loading dependencies from C:\php7\htdocs\inventscan\package.json
5 verbose install where, deps [ 'C:\\php7\\htdocs\\inventscan',
5 verbose install   [ 'gulp', 'laravel-elixir', 'bootstrap-sass' ] ]
6 verbose install where, peers [ 'C:\\php7\\htdocs\\inventscan', [] ]
7 verbose installManyTop reading for lifecycle C:\php7\htdocs\inventscan\package.json
8 info preinstall @
9 verbose readDependencies loading dependencies from C:\php7\htdocs\inventscan\package.json
10 silly cache add args [ 'gulp@^3.9.1', null ]
11 verbose cache add spec gulp@^3.9.1
12 silly cache add args [ 'laravel-elixir@^5.0.0', null ]
13 verbose cache add spec laravel-elixir@^5.0.0
14 silly cache add parsed spec Result {
14 silly cache add   raw: 'gulp@^3.9.1',
14 silly cache add   scope: null,
14 silly cache add   name: 'gulp',
14 silly cache add   rawSpec: '^3.9.1',
14 silly cache add   spec: '>=3.9.1 <4.0.0',
14 silly cache add   type: 'range' }
15 silly addNamed gulp@>=3.9.1 <4.0.0
16 verbose addNamed ">=3.9.1 <4.0.0" is a valid semver range for gulp
17 silly addNameRange { name: 'gulp', range: '>=3.9.1 <4.0.0', hasData: false }
18 silly mapToRegistry name gulp
19 silly mapToRegistry using default registry
20 silly mapToRegistry registry http://registry.npmjs.org/
21 silly mapToRegistry data Result {
21 silly mapToRegistry   raw: 'gulp',
21 silly mapToRegistry   scope: null,
21 silly mapToRegistry   name: 'gulp',
21 silly mapToRegistry   rawSpec: '',
21 silly mapToRegistry   spec: 'latest',
21 silly mapToRegistry   type: 'tag' }
22 silly mapToRegistry uri http://registry.npmjs.org/gulp
23 verbose addNameRange registry:http://registry.npmjs.org/gulp not in flight; fetching
24 silly cache add parsed spec Result {
24 silly cache add   raw: 'laravel-elixir@^5.0.0',
24 silly cache add   scope: null,
24 silly cache add   name: 'laravel-elixir',
24 silly cache add   rawSpec: '^5.0.0',
24 silly cache add   spec: '>=5.0.0 <6.0.0',
24 silly cache add   type: 'range' }
25 silly addNamed laravel-elixir@>=5.0.0 <6.0.0
26 verbose addNamed ">=5.0.0 <6.0.0" is a valid semver range for laravel-elixir
27 silly addNameRange { name: 'laravel-elixir',
27 silly addNameRange   range: '>=5.0.0 <6.0.0',
27 silly addNameRange   hasData: false }
28 silly mapToRegistry name laravel-elixir
29 silly mapToRegistry using default registry
30 silly mapToRegistry registry http://registry.npmjs.org/
31 silly mapToRegistry data Result {
31 silly mapToRegistry   raw: 'laravel-elixir',
31 silly mapToRegistry   scope: null,
31 silly mapToRegistry   name: 'laravel-elixir',
31 silly mapToRegistry   rawSpec: '',
31 silly mapToRegistry   spec: 'latest',
31 silly mapToRegistry   type: 'tag' }
32 silly mapToRegistry uri http://registry.npmjs.org/laravel-elixir
33 verbose addNameRange registry:http://registry.npmjs.org/laravel-elixir not in flight; fetching
34 silly cache add args [ 'bootstrap-sass@^3.3.0', null ]
35 verbose cache add spec bootstrap-sass@^3.3.0
36 silly cache add parsed spec Result {
36 silly cache add   raw: 'bootstrap-sass@^3.3.0',
36 silly cache add   scope: null,
36 silly cache add   name: 'bootstrap-sass',
36 silly cache add   rawSpec: '^3.3.0',
36 silly cache add   spec: '>=3.3.0 <4.0.0',
36 silly cache add   type: 'range' }
37 silly addNamed bootstrap-sass@>=3.3.0 <4.0.0
38 verbose addNamed ">=3.3.0 <4.0.0" is a valid semver range for bootstrap-sass
39 silly addNameRange { name: 'bootstrap-sass',
39 silly addNameRange   range: '>=3.3.0 <4.0.0',
39 silly addNameRange   hasData: false }
40 silly mapToRegistry name bootstrap-sass
41 silly mapToRegistry using default registry
42 silly mapToRegistry registry http://registry.npmjs.org/
43 silly mapToRegistry data Result {
43 silly mapToRegistry   raw: 'bootstrap-sass',
43 silly mapToRegistry   scope: null,
43 silly mapToRegistry   name: 'bootstrap-sass',
43 silly mapToRegistry   rawSpec: '',
43 silly mapToRegistry   spec: 'latest',
43 silly mapToRegistry   type: 'tag' }
44 silly mapToRegistry uri http://registry.npmjs.org/bootstrap-sass
45 verbose addNameRange registry:http://registry.npmjs.org/bootstrap-sass not in flight; fetching
46 verbose request uri http://registry.npmjs.org/gulp
47 verbose request no auth needed
48 info attempt registry request try #1 at 14:21:50
49 verbose request id ddc7b579077fc148
50 http request GET http://registry.npmjs.org/gulp
51 info retry will retry, error on last attempt: Error: Invalid protocol: null
52 verbose request uri http://registry.npmjs.org/laravel-elixir
53 verbose request no auth needed
54 info attempt registry request try #1 at 14:21:50
55 http request GET http://registry.npmjs.org/laravel-elixir
56 info retry will retry, error on last attempt: Error: Invalid protocol: null
57 verbose request uri http://registry.npmjs.org/bootstrap-sass
58 verbose request no auth needed
59 info attempt registry request try #1 at 14:21:50
60 http request GET http://registry.npmjs.org/bootstrap-sass
61 info retry will retry, error on last attempt: Error: Invalid protocol: null
62 info attempt registry request try #2 at 14:22:00
63 http request GET http://registry.npmjs.org/gulp
64 info retry will retry, error on last attempt: Error: Invalid protocol: null
65 info attempt registry request try #2 at 14:22:00
66 http request GET http://registry.npmjs.org/laravel-elixir
67 info retry will retry, error on last attempt: Error: Invalid protocol: null
68 info attempt registry request try #2 at 14:22:00
69 http request GET http://registry.npmjs.org/bootstrap-sass
70 info retry will retry, error on last attempt: Error: Invalid protocol: null
71 info attempt registry request try #3 at 14:23:00
72 http request GET http://registry.npmjs.org/gulp
73 info attempt registry request try #3 at 14:23:00
74 http request GET http://registry.npmjs.org/laravel-elixir
75 info attempt registry request try #3 at 14:23:00
76 http request GET http://registry.npmjs.org/bootstrap-sass
77 verbose stack Error: Invalid protocol: null
77 verbose stack     at Request.init (C:\Program Files\nodejs\node_modules\npm\node_modules\request\request.js:473:31)
77 verbose stack     at new Request (C:\Program Files\nodejs\node_modules\npm\node_modules\request\request.js:142:8)
77 verbose stack     at request (C:\Program Files\nodejs\node_modules\npm\node_modules\request\index.js:55:10)
77 verbose stack     at CachingRegistryClient.makeRequest (C:\Program Files\nodejs\node_modules\npm\node_modules\npm-registry-client\lib\request.js:149:13)
77 verbose stack     at C:\Program Files\nodejs\node_modules\npm\node_modules\npm-registry-client\lib\request.js:66:17
77 verbose stack     at RetryOperation._fn (C:\Program Files\nodejs\node_modules\npm\node_modules\npm-registry-client\lib\attempt.js:18:5)
77 verbose stack     at null._onTimeout (C:\Program Files\nodejs\node_modules\npm\node_modules\npm-registry-client\node_modules\retry\lib\retry_operation.js:49:10)
77 verbose stack     at Timer.listOnTimeout (timers.js:92:15)
78 verbose cwd C:\php7\htdocs\inventscan
79 error Windows_NT 6.3.9600
80 error argv "C:\\Program Files\\nodejs\\node.exe" "C:\\Program Files\\nodejs\\node_modules\\npm\\bin\\npm-cli.js" "install"
81 error node v4.4.7
82 error npm  v2.15.8
83 error Invalid protocol: null
84 error If you need help, you may report this error at:
84 error     <https://github.com/npm/npm/issues>
85 verbose exit [ 1, true ]
